{
  "stats": {
    "suites": 1,
    "tests": 5,
    "passes": 5,
    "pending": 0,
    "failures": 0,
    "start": "2023-09-11T12:24:50.058Z",
    "end": "2023-09-11T12:24:57.096Z",
    "duration": 7038,
    "testsRegistered": 5,
    "passPercent": 100,
    "pendingPercent": 0,
    "other": 0,
    "hasOther": false,
    "skipped": 0,
    "hasSkipped": false
  },
  "results": [
    {
      "uuid": "3a086c96-1954-4797-929e-723eace843f7",
      "title": "",
      "fullFile": "cypress\\e2e\\SampleTest.cy.js",
      "file": "cypress\\e2e\\SampleTest.cy.js",
      "beforeHooks": [],
      "afterHooks": [],
      "tests": [],
      "suites": [
        {
          "uuid": "2fc9f20c-e821-45e3-bc23-c1743c518365",
          "title": "Testing Localhost 5173 Application Page",
          "fullFile": "",
          "file": "",
          "beforeHooks": [],
          "afterHooks": [],
          "tests": [
            {
              "title": "Verify application logo ",
              "fullTitle": "Testing Localhost 5173 Application Page Verify application logo ",
              "timedOut": null,
              "duration": 1107,
              "state": "passed",
              "speed": "fast",
              "pass": true,
              "fail": false,
              "pending": false,
              "context": null,
              "code": "cy.get('[slot=\"app-icon\"]').should('be.visible');",
              "err": {},
              "uuid": "b6e5ca38-bd7c-4ed1-9695-a03e456b0dc2",
              "parentUUID": "2fc9f20c-e821-45e3-bc23-c1743c518365",
              "isHook": false,
              "skipped": false
            },
            {
              "title": "Verify application Name  ",
              "fullTitle": "Testing Localhost 5173 Application Page Verify application Name  ",
              "timedOut": null,
              "duration": 948,
              "state": "passed",
              "speed": "fast",
              "pass": true,
              "fail": false,
              "pending": false,
              "context": null,
              "code": "cy.get('[app-title=\"Application Name\"]').should('be.visible');",
              "err": {},
              "uuid": "1c9f3f66-b364-4016-a2ae-c1c890c76795",
              "parentUUID": "2fc9f20c-e821-45e3-bc23-c1743c518365",
              "isHook": false,
              "skipped": false
            },
            {
              "title": "Verify application Name and Logo togather ",
              "fullTitle": "Testing Localhost 5173 Application Page Verify application Name and Logo togather ",
              "timedOut": null,
              "duration": 1169,
              "state": "passed",
              "speed": "fast",
              "pass": true,
              "fail": false,
              "pending": false,
              "context": null,
              "code": "cy.get('ic-top-navigation.hydrated').should('be.visible');",
              "err": {},
              "uuid": "6b4778de-3804-49a1-bf07-9a047bc8c061",
              "parentUUID": "2fc9f20c-e821-45e3-bc23-c1743c518365",
              "isHook": false,
              "skipped": false
            },
            {
              "title": "Verify Text \"Enter a name to be greeted below\"&\"Name\"",
              "fullTitle": "Testing Localhost 5173 Application Page Verify Text \"Enter a name to be greeted below\"&\"Name\"",
              "timedOut": null,
              "duration": 1204,
              "state": "passed",
              "speed": "fast",
              "pass": true,
              "fail": false,
              "pending": false,
              "context": null,
              "code": "cy.get('ic-text-field.hydrated').shadow().contains('Enter a name to be greeted below').should('be.visible');\ncy.get('ic-text-field.hydrated').shadow().contains('Name').should('be.visible');",
              "err": {},
              "uuid": "e0fec3ce-f589-435c-b5a9-4324fc8fb0aa",
              "parentUUID": "2fc9f20c-e821-45e3-bc23-c1743c518365",
              "isHook": false,
              "skipped": false
            },
            {
              "title": "Verify TextBox field is visible  and  Enter a name and click On submit button and verify message \"Hello",
              "fullTitle": "Testing Localhost 5173 Application Page Verify TextBox field is visible  and  Enter a name and click On submit button and verify message \"Hello",
              "timedOut": null,
              "duration": 2391,
              "state": "passed",
              "speed": "fast",
              "pass": true,
              "fail": false,
              "pending": false,
              "context": null,
              "code": "cy.get('ic-text-field.hydrated').shadow().find('ic-input-component-container').last().should('be.visible').type('World');\ncy.get('ic-button.hydrated').shadow().find('.button').should('be.visible').click();\ncy.get('ic-typography.hydrated').should('be.visible');",
              "err": {},
              "uuid": "8faceb0e-403d-4533-b75b-3e0d4fdf6a21",
              "parentUUID": "2fc9f20c-e821-45e3-bc23-c1743c518365",
              "isHook": false,
              "skipped": false
            }
          ],
          "suites": [],
          "passes": [
            "b6e5ca38-bd7c-4ed1-9695-a03e456b0dc2",
            "1c9f3f66-b364-4016-a2ae-c1c890c76795",
            "6b4778de-3804-49a1-bf07-9a047bc8c061",
            "e0fec3ce-f589-435c-b5a9-4324fc8fb0aa",
            "8faceb0e-403d-4533-b75b-3e0d4fdf6a21"
          ],
          "failures": [],
          "pending": [],
          "skipped": [],
          "duration": 6819,
          "root": false,
          "rootEmpty": false,
          "_timeout": 2000
        }
      ],
      "passes": [],
      "failures": [],
      "pending": [],
      "skipped": [],
      "duration": 0,
      "root": true,
      "rootEmpty": true,
      "_timeout": 2000
    }
  ],
  "meta": {
    "mocha": {
      "version": "7.0.1"
    },
    "mochawesome": {
      "options": {
        "quiet": false,
        "reportFilename": "mochawesome",
        "saveHtml": false,
        "saveJson": true,
        "consoleReporter": "spec",
        "useInlineDiffs": false,
        "code": true
      },
      "version": "7.1.3"
    },
    "marge": {
      "options": {
        "overwrite": false,
        "html": false,
        "json": true,
        "reportDir": "cypress\\reports\\html\\.jsons"
      },
      "version": "6.2.0"
    }
  }
}