{
  "stats": {
    "suites": 2,
    "tests": 2,
    "passes": 2,
    "pending": 0,
    "failures": 0,
    "start": "2023-09-13T13:42:44.331Z",
    "end": "2023-09-13T13:42:52.706Z",
    "duration": 8375,
    "testsRegistered": 2,
    "passPercent": 100,
    "pendingPercent": 0,
    "other": 0,
    "hasOther": false,
    "skipped": 0,
    "hasSkipped": false
  },
  "results": [
    {
      "uuid": "a8be46e6-f5b9-4d6c-bfb3-a4b68dfd05a2",
      "title": "",
      "fullFile": "cypress\\e2e\\TextboxComponentTest.cy.js",
      "file": "cypress\\e2e\\TextboxComponentTest.cy.js",
      "beforeHooks": [],
      "afterHooks": [],
      "tests": [],
      "suites": [
        {
          "uuid": "6aa54a3c-ec16-4519-bb64-d4dafda5e7c2",
          "title": "Testbox componentTest tesing applicatio Text",
          "fullFile": "",
          "file": "",
          "beforeHooks": [],
          "afterHooks": [],
          "tests": [
            {
              "title": "call function from PageObject page ",
              "fullTitle": "Testbox componentTest tesing applicatio Text call function from PageObject page ",
              "timedOut": null,
              "duration": 7594,
              "state": "passed",
              "speed": "medium",
              "pass": true,
              "fail": false,
              "pending": false,
              "context": null,
              "code": "text.verifyApplicationLogo();\ntext.verifyApplicationName();\ntext.verifyApplicationLogo_Name();\ntext.verifyTextboxHeaderText();\ntext.getTextboxField('Test123');\ntext.getTextboxField('World');\ntext.getTextboxField('Jhon$@');\ntext.getTextboxField('Krish£*');\ntext.getTextboxField('Mike?');\ntext.getTextboxField('Sam*^%$£');",
              "err": {},
              "uuid": "42dda5d7-dbeb-49f3-bfbe-be8e8d0481c2",
              "parentUUID": "6aa54a3c-ec16-4519-bb64-d4dafda5e7c2",
              "isHook": false,
              "skipped": false
            }
          ],
          "suites": [
            {
              "uuid": "a217c319-509d-4671-a50d-8f447caed23c",
              "title": "ally",
              "fullFile": "",
              "file": "",
              "beforeHooks": [],
              "afterHooks": [],
              "tests": [
                {
                  "title": "should have no detectable ally error on page load ",
                  "fullTitle": "Testbox componentTest tesing applicatio Text ally should have no detectable ally error on page load ",
                  "timedOut": null,
                  "duration": 603,
                  "state": "passed",
                  "speed": "fast",
                  "pass": true,
                  "fail": false,
                  "pending": false,
                  "context": null,
                  "code": "cy.checkA11y(null, {\n  includedImpacts: ['critical']\n});",
                  "err": {},
                  "uuid": "0eb02550-220e-4045-bb50-904fbc95a11d",
                  "parentUUID": "a217c319-509d-4671-a50d-8f447caed23c",
                  "isHook": false,
                  "skipped": false
                }
              ],
              "suites": [],
              "passes": [
                "0eb02550-220e-4045-bb50-904fbc95a11d"
              ],
              "failures": [],
              "pending": [],
              "skipped": [],
              "duration": 603,
              "root": false,
              "rootEmpty": false,
              "_timeout": 2000
            }
          ],
          "passes": [
            "42dda5d7-dbeb-49f3-bfbe-be8e8d0481c2"
          ],
          "failures": [],
          "pending": [],
          "skipped": [],
          "duration": 7594,
          "root": false,
          "rootEmpty": false,
          "_timeout": 2000
        }
      ],
      "passes": [],
      "failures": [],
      "pending": [],
      "skipped": [],
      "duration": 0,
      "root": true,
      "rootEmpty": true,
      "_timeout": 2000
    }
  ],
  "meta": {
    "mocha": {
      "version": "7.0.1"
    },
    "mochawesome": {
      "options": {
        "quiet": false,
        "reportFilename": "mochawesome",
        "saveHtml": false,
        "saveJson": true,
        "consoleReporter": "spec",
        "useInlineDiffs": false,
        "code": true
      },
      "version": "7.1.3"
    },
    "marge": {
      "options": {
        "overwrite": false,
        "html": false,
        "json": true,
        "reportDir": "cypress\\reports\\html\\.jsons"
      },
      "version": "6.2.0"
    }
  }
}