{
  "stats": {
    "suites": 2,
    "tests": 2,
    "passes": 2,
    "pending": 0,
    "failures": 0,
    "start": "2023-09-26T14:15:52.118Z",
    "end": "2023-09-26T14:16:01.479Z",
    "duration": 9361,
    "testsRegistered": 2,
    "passPercent": 100,
    "pendingPercent": 0,
    "other": 0,
    "hasOther": false,
    "skipped": 0,
    "hasSkipped": false
  },
  "results": [
    {
      "uuid": "1d899aa1-bba3-4bd0-9243-f3913d7b0b5c",
      "title": "",
      "fullFile": "cypress\\e2e\\TextboxComponentTest.cy.js",
      "file": "cypress\\e2e\\TextboxComponentTest.cy.js",
      "beforeHooks": [],
      "afterHooks": [],
      "tests": [],
      "suites": [
        {
          "uuid": "58315cf2-c35d-440d-a65c-0115f655e8d1",
          "title": "Testbox componentTest tesing applicatio Text",
          "fullFile": "",
          "file": "",
          "beforeHooks": [],
          "afterHooks": [],
          "tests": [
            {
              "title": "call function from PageObject page ",
              "fullTitle": "Testbox componentTest tesing applicatio Text call function from PageObject page ",
              "timedOut": null,
              "duration": 8619,
              "state": "passed",
              "speed": "medium",
              "pass": true,
              "fail": false,
              "pending": false,
              "context": null,
              "code": "text.verifyApplicationLogo();\ntext.verifyApplicationName();\ntext.verifyApplicationLogo_Name();\ntext.verifyTextboxHeaderText();\ntext.getTextboxField('Test123');\ntext.getTextboxField('World');\ntext.getTextboxField('Jhon$@');\ntext.getTextboxField('Krish£*');\ntext.getTextboxField('Mike?');\ntext.getTextboxField('Sam*^%$£');",
              "err": {},
              "uuid": "a51c4772-4947-493a-a62e-e5c82b49c1c0",
              "parentUUID": "58315cf2-c35d-440d-a65c-0115f655e8d1",
              "isHook": false,
              "skipped": false
            }
          ],
          "suites": [
            {
              "uuid": "fe01bf95-f581-466e-8e20-74d9251a2668",
              "title": "ally",
              "fullFile": "",
              "file": "",
              "beforeHooks": [],
              "afterHooks": [],
              "tests": [
                {
                  "title": "should have no detectable ally error on page load ",
                  "fullTitle": "Testbox componentTest tesing applicatio Text ally should have no detectable ally error on page load ",
                  "timedOut": null,
                  "duration": 611,
                  "state": "passed",
                  "speed": "fast",
                  "pass": true,
                  "fail": false,
                  "pending": false,
                  "context": null,
                  "code": "cy.checkA11y(null, {\n  includedImpacts: ['critical']\n});",
                  "err": {},
                  "uuid": "38876e7b-bb7a-4e19-9074-ec882afee612",
                  "parentUUID": "fe01bf95-f581-466e-8e20-74d9251a2668",
                  "isHook": false,
                  "skipped": false
                }
              ],
              "suites": [],
              "passes": [
                "38876e7b-bb7a-4e19-9074-ec882afee612"
              ],
              "failures": [],
              "pending": [],
              "skipped": [],
              "duration": 611,
              "root": false,
              "rootEmpty": false,
              "_timeout": 2000
            }
          ],
          "passes": [
            "a51c4772-4947-493a-a62e-e5c82b49c1c0"
          ],
          "failures": [],
          "pending": [],
          "skipped": [],
          "duration": 8619,
          "root": false,
          "rootEmpty": false,
          "_timeout": 2000
        }
      ],
      "passes": [],
      "failures": [],
      "pending": [],
      "skipped": [],
      "duration": 0,
      "root": true,
      "rootEmpty": true,
      "_timeout": 2000
    }
  ],
  "meta": {
    "mocha": {
      "version": "7.0.1"
    },
    "mochawesome": {
      "options": {
        "quiet": false,
        "reportFilename": "mochawesome",
        "saveHtml": false,
        "saveJson": true,
        "consoleReporter": "spec",
        "useInlineDiffs": false,
        "code": true
      },
      "version": "7.1.3"
    },
    "marge": {
      "options": {
        "overwrite": false,
        "html": false,
        "json": true,
        "reportDir": "cypress\\reports\\html\\.jsons"
      },
      "version": "6.2.0"
    }
  }
}