{
  "stats": {
    "suites": 2,
    "tests": 13,
    "passes": 13,
    "pending": 0,
    "failures": 0,
    "start": "2023-09-29T17:58:09.903Z",
    "end": "2023-09-29T17:58:24.384Z",
    "duration": 14481,
    "testsRegistered": 13,
    "passPercent": 100,
    "pendingPercent": 0,
    "other": 0,
    "hasOther": false,
    "skipped": 0,
    "hasSkipped": false
  },
  "results": [
    {
      "uuid": "5f113162-0690-409f-95eb-fe465e70fd33",
      "title": "",
      "fullFile": "cypress\\e2e\\AlertTest.cy.js",
      "file": "cypress\\e2e\\AlertTest.cy.js",
      "beforeHooks": [],
      "afterHooks": [],
      "tests": [],
      "suites": [
        {
          "uuid": "9d5140e9-423a-4ffe-b717-796152d10526",
          "title": "Testbox componentTest tesing applicatio Text",
          "fullFile": "",
          "file": "",
          "beforeHooks": [],
          "afterHooks": [],
          "tests": [
            {
              "title": "Verify Netural Alert Component ",
              "fullTitle": "Testbox componentTest tesing applicatio Text Verify Netural Alert Component ",
              "timedOut": null,
              "duration": 2283,
              "state": "passed",
              "speed": "fast",
              "pass": true,
              "fail": false,
              "pending": false,
              "context": null,
              "code": "alert.verifyNeutralAlert();\nalert.verifyNeutralICon();\nalert.verifyNeutralText();\nalert.verifyNeutralMessageText();\nalert.getNeutralAlert();",
              "err": {},
              "uuid": "69e63d8e-1456-4a9a-989e-b106e31b438e",
              "parentUUID": "9d5140e9-423a-4ffe-b717-796152d10526",
              "isHook": false,
              "skipped": false
            },
            {
              "title": "Verify Info Alert Component ",
              "fullTitle": "Testbox componentTest tesing applicatio Text Verify Info Alert Component ",
              "timedOut": null,
              "duration": 804,
              "state": "passed",
              "speed": "fast",
              "pass": true,
              "fail": false,
              "pending": false,
              "context": null,
              "code": "alert.verifyInfoAlert();\nalert.verifyInfoICon();\nalert.verifyInfoText();\nalert.verifyInfoMessageText();\nalert.getInfoAlert();\nalert.getInfoMessageAlert('For your informatio', 'Info', 'This alert is for displaying information.');",
              "err": {},
              "uuid": "87c2cb74-3f0b-48f2-bb82-980aa7d65333",
              "parentUUID": "9d5140e9-423a-4ffe-b717-796152d10526",
              "isHook": false,
              "skipped": false
            },
            {
              "title": "Verify InfoMessage Alert Component ",
              "fullTitle": "Testbox componentTest tesing applicatio Text Verify InfoMessage Alert Component ",
              "timedOut": null,
              "duration": 777,
              "state": "passed",
              "speed": "fast",
              "pass": true,
              "fail": false,
              "pending": false,
              "context": null,
              "code": "alert.getInfoMessageAlert('For your informatio', 'Info', 'You should read this message.');",
              "err": {},
              "uuid": "bcf95c7f-513c-4bd6-bfda-32a43a25b03b",
              "parentUUID": "9d5140e9-423a-4ffe-b717-796152d10526",
              "isHook": false,
              "skipped": false
            },
            {
              "title": "Verify Error Alert Component ",
              "fullTitle": "Testbox componentTest tesing applicatio Text Verify Error Alert Component ",
              "timedOut": null,
              "duration": 1129,
              "state": "passed",
              "speed": "fast",
              "pass": true,
              "fail": false,
              "pending": false,
              "context": null,
              "code": "alert.verifyErrorAlert();\nalert.verifyErrorICon();\nalert.verifyErrorText();\nalert.verifyErrorMessageText();\nalert.getErrorAlert();",
              "err": {},
              "uuid": "d87ab463-97ae-4194-807f-55eb038ee167",
              "parentUUID": "9d5140e9-423a-4ffe-b717-796152d10526",
              "isHook": false,
              "skipped": false
            },
            {
              "title": "Verify DataError Alert Component ",
              "fullTitle": "Testbox componentTest tesing applicatio Text Verify DataError Alert Component ",
              "timedOut": null,
              "duration": 862,
              "state": "passed",
              "speed": "fast",
              "pass": true,
              "fail": false,
              "pending": false,
              "context": null,
              "code": "alert.getDataErrorAlert('Error', 'DataError', 'A problem has been occurred while submitting your data.');",
              "err": {},
              "uuid": "1e2cb3a4-94a4-413c-af54-d1efbff39ad3",
              "parentUUID": "9d5140e9-423a-4ffe-b717-796152d10526",
              "isHook": false,
              "skipped": false
            },
            {
              "title": "Verify Warning Alert Component ",
              "fullTitle": "Testbox componentTest tesing applicatio Text Verify Warning Alert Component ",
              "timedOut": null,
              "duration": 1146,
              "state": "passed",
              "speed": "fast",
              "pass": true,
              "fail": false,
              "pending": false,
              "context": null,
              "code": "alert.verifyWarningAlert();\nalert.verifyWarningICon();\nalert.verifyWarningText();\nalert.verifyWarningMessageText();\nalert.getWarningAlert();",
              "err": {},
              "uuid": "62fae8e3-f7c7-41ee-90a6-311667898966",
              "parentUUID": "9d5140e9-423a-4ffe-b717-796152d10526",
              "isHook": false,
              "skipped": false
            },
            {
              "title": "Verify Warning Alert Component ",
              "fullTitle": "Testbox componentTest tesing applicatio Text Verify Warning Alert Component ",
              "timedOut": null,
              "duration": 1037,
              "state": "passed",
              "speed": "fast",
              "pass": true,
              "fail": false,
              "pending": false,
              "context": null,
              "code": "alert.verifyWarningAlert();\nalert.verifyWarningICon();\nalert.verifyWarningText();\nalert.verifyWarningMessageText();\nalert.getWarningAlert();",
              "err": {},
              "uuid": "0be2b0fc-40de-4778-b131-aa83d01a6e05",
              "parentUUID": "9d5140e9-423a-4ffe-b717-796152d10526",
              "isHook": false,
              "skipped": false
            },
            {
              "title": "Verify Hot drink Alert Component ",
              "fullTitle": "Testbox componentTest tesing applicatio Text Verify Hot drink Alert Component ",
              "timedOut": null,
              "duration": 935,
              "state": "passed",
              "speed": "fast",
              "pass": true,
              "fail": false,
              "pending": false,
              "context": null,
              "code": "alert.getHotDrinkAlert('Warning', 'Hot drink', 'Please be careful, your drink will be hot.');",
              "err": {},
              "uuid": "b661ab82-7699-4ee7-a9c8-dba5de7fa6a4",
              "parentUUID": "9d5140e9-423a-4ffe-b717-796152d10526",
              "isHook": false,
              "skipped": false
            },
            {
              "title": "Verify Success Alert Component ",
              "fullTitle": "Testbox componentTest tesing applicatio Text Verify Success Alert Component ",
              "timedOut": null,
              "duration": 1325,
              "state": "passed",
              "speed": "fast",
              "pass": true,
              "fail": false,
              "pending": false,
              "context": null,
              "code": "alert.verifySuccessAlert();\nalert.verifySuccessICon();\nalert.verifySuccessText();\nalert.verifySuccessMessageText();\nalert.getSuccessAlert();",
              "err": {},
              "uuid": "73b0f487-aeb6-434f-a5ae-159bfa4b62cd",
              "parentUUID": "9d5140e9-423a-4ffe-b717-796152d10526",
              "isHook": false,
              "skipped": false
            },
            {
              "title": "Verify Success Loginlong Alert Component ",
              "fullTitle": "Testbox componentTest tesing applicatio Text Verify Success Loginlong Alert Component ",
              "timedOut": null,
              "duration": 934,
              "state": "passed",
              "speed": "fast",
              "pass": true,
              "fail": false,
              "pending": false,
              "context": null,
              "code": "alert.getSuccessAlert();",
              "err": {},
              "uuid": "2b3146f6-cf18-49e3-97e9-9c878aa2929e",
              "parentUUID": "9d5140e9-423a-4ffe-b717-796152d10526",
              "isHook": false,
              "skipped": false
            },
            {
              "title": "Verify Success Login Alert Component ",
              "fullTitle": "Testbox componentTest tesing applicatio Text Verify Success Login Alert Component ",
              "timedOut": null,
              "duration": 1052,
              "state": "passed",
              "speed": "fast",
              "pass": true,
              "fail": false,
              "pending": false,
              "context": null,
              "code": "alert.getSuccessLoginAlert('Success', 'Success Login', 'You are successfully logged in.');",
              "err": {},
              "uuid": "2238f154-15c3-4883-a862-74e07eed7ade",
              "parentUUID": "9d5140e9-423a-4ffe-b717-796152d10526",
              "isHook": false,
              "skipped": false
            },
            {
              "title": "Verify Success LoginLongMessage Alert Component ",
              "fullTitle": "Testbox componentTest tesing applicatio Text Verify Success LoginLongMessage Alert Component ",
              "timedOut": null,
              "duration": 997,
              "state": "passed",
              "speed": "fast",
              "pass": true,
              "fail": false,
              "pending": false,
              "context": null,
              "code": "alert.getSuccessLoginLongMessageAlert('Success', 'Success LoginLong message', '12!£$%^&*You are successfully logged in.You are successfully logged in.You are successfully logged in.You are successfully logged in.You are successfully logged in .You are successfully logged in.You are successfully logged in.You are successfully logged in.You are successfully logged in. You are successfully logged in.You are successfully logged in.You are successfully logged in.You are successfully logged in.You are successfully logged in.You are successfully logged in.');",
              "err": {},
              "uuid": "52512579-7624-46b9-b953-d7c39e93b9a4",
              "parentUUID": "9d5140e9-423a-4ffe-b717-796152d10526",
              "isHook": false,
              "skipped": false
            }
          ],
          "suites": [
            {
              "uuid": "12b2540d-55b2-4eff-b583-f86fa15cc474",
              "title": "ally",
              "fullFile": "",
              "file": "",
              "beforeHooks": [],
              "afterHooks": [],
              "tests": [
                {
                  "title": "should have no detectable ally error on page load ",
                  "fullTitle": "Testbox componentTest tesing applicatio Text ally should have no detectable ally error on page load ",
                  "timedOut": null,
                  "duration": 475,
                  "state": "passed",
                  "speed": "fast",
                  "pass": true,
                  "fail": false,
                  "pending": false,
                  "context": null,
                  "code": "cy.checkA11y(null, {\n  includedImpacts: ['critical']\n});",
                  "err": {},
                  "uuid": "4ed27225-94d3-4195-ad81-ca06b533f126",
                  "parentUUID": "12b2540d-55b2-4eff-b583-f86fa15cc474",
                  "isHook": false,
                  "skipped": false
                }
              ],
              "suites": [],
              "passes": [
                "4ed27225-94d3-4195-ad81-ca06b533f126"
              ],
              "failures": [],
              "pending": [],
              "skipped": [],
              "duration": 475,
              "root": false,
              "rootEmpty": false,
              "_timeout": 2000
            }
          ],
          "passes": [
            "69e63d8e-1456-4a9a-989e-b106e31b438e",
            "87c2cb74-3f0b-48f2-bb82-980aa7d65333",
            "bcf95c7f-513c-4bd6-bfda-32a43a25b03b",
            "d87ab463-97ae-4194-807f-55eb038ee167",
            "1e2cb3a4-94a4-413c-af54-d1efbff39ad3",
            "62fae8e3-f7c7-41ee-90a6-311667898966",
            "0be2b0fc-40de-4778-b131-aa83d01a6e05",
            "b661ab82-7699-4ee7-a9c8-dba5de7fa6a4",
            "73b0f487-aeb6-434f-a5ae-159bfa4b62cd",
            "2b3146f6-cf18-49e3-97e9-9c878aa2929e",
            "2238f154-15c3-4883-a862-74e07eed7ade",
            "52512579-7624-46b9-b953-d7c39e93b9a4"
          ],
          "failures": [],
          "pending": [],
          "skipped": [],
          "duration": 13281,
          "root": false,
          "rootEmpty": false,
          "_timeout": 2000
        }
      ],
      "passes": [],
      "failures": [],
      "pending": [],
      "skipped": [],
      "duration": 0,
      "root": true,
      "rootEmpty": true,
      "_timeout": 2000
    }
  ],
  "meta": {
    "mocha": {
      "version": "7.0.1"
    },
    "mochawesome": {
      "options": {
        "quiet": false,
        "reportFilename": "mochawesome",
        "saveHtml": false,
        "saveJson": true,
        "consoleReporter": "spec",
        "useInlineDiffs": false,
        "code": true
      },
      "version": "7.1.3"
    },
    "marge": {
      "options": {
        "overwrite": false,
        "html": false,
        "json": true,
        "reportDir": "cypress\\reports\\html\\.jsons"
      },
      "version": "6.2.0"
    }
  }
}