{
  "stats": {
    "suites": 2,
    "tests": 2,
    "passes": 2,
    "pending": 0,
    "failures": 0,
    "start": "2023-09-20T15:16:55.606Z",
    "end": "2023-09-20T15:17:05.659Z",
    "duration": 10053,
    "testsRegistered": 2,
    "passPercent": 100,
    "pendingPercent": 0,
    "other": 0,
    "hasOther": false,
    "skipped": 0,
    "hasSkipped": false
  },
  "results": [
    {
      "uuid": "bc670a57-719a-4644-be25-1097b2b0e116",
      "title": "",
      "fullFile": "cypress\\e2e\\TextboxComponentTest.cy.js",
      "file": "cypress\\e2e\\TextboxComponentTest.cy.js",
      "beforeHooks": [],
      "afterHooks": [],
      "tests": [],
      "suites": [
        {
          "uuid": "2d6bea46-55a8-41b6-bf21-6e732871c878",
          "title": "Testbox componentTest tesing applicatio Text",
          "fullFile": "",
          "file": "",
          "beforeHooks": [],
          "afterHooks": [],
          "tests": [
            {
              "title": "call function from PageObject page ",
              "fullTitle": "Testbox componentTest tesing applicatio Text call function from PageObject page ",
              "timedOut": null,
              "duration": 9142,
              "state": "passed",
              "speed": "medium",
              "pass": true,
              "fail": false,
              "pending": false,
              "context": null,
              "code": "text.verifyApplicationLogo();\ntext.verifyApplicationName();\ntext.verifyApplicationLogo_Name();\ntext.verifyTextboxHeaderText();\ntext.getTextboxField('Test123');\ntext.getTextboxField('World');\ntext.getTextboxField('Jhon$@');\ntext.getTextboxField('Krish£*');\ntext.getTextboxField('Mike?');\ntext.getTextboxField('Sam*^%$£');",
              "err": {},
              "uuid": "09dcc062-71e1-44eb-8813-5a554d375d1f",
              "parentUUID": "2d6bea46-55a8-41b6-bf21-6e732871c878",
              "isHook": false,
              "skipped": false
            }
          ],
          "suites": [
            {
              "uuid": "62f750dd-8d13-49e3-80cb-473c133d862b",
              "title": "ally",
              "fullFile": "",
              "file": "",
              "beforeHooks": [],
              "afterHooks": [],
              "tests": [
                {
                  "title": "should have no detectable ally error on page load ",
                  "fullTitle": "Testbox componentTest tesing applicatio Text ally should have no detectable ally error on page load ",
                  "timedOut": null,
                  "duration": 733,
                  "state": "passed",
                  "speed": "fast",
                  "pass": true,
                  "fail": false,
                  "pending": false,
                  "context": null,
                  "code": "cy.checkA11y(null, {\n  includedImpacts: ['critical']\n});",
                  "err": {},
                  "uuid": "a2f2dd88-7f4a-45f4-a0ef-f60882deeec0",
                  "parentUUID": "62f750dd-8d13-49e3-80cb-473c133d862b",
                  "isHook": false,
                  "skipped": false
                }
              ],
              "suites": [],
              "passes": [
                "a2f2dd88-7f4a-45f4-a0ef-f60882deeec0"
              ],
              "failures": [],
              "pending": [],
              "skipped": [],
              "duration": 733,
              "root": false,
              "rootEmpty": false,
              "_timeout": 2000
            }
          ],
          "passes": [
            "09dcc062-71e1-44eb-8813-5a554d375d1f"
          ],
          "failures": [],
          "pending": [],
          "skipped": [],
          "duration": 9142,
          "root": false,
          "rootEmpty": false,
          "_timeout": 2000
        }
      ],
      "passes": [],
      "failures": [],
      "pending": [],
      "skipped": [],
      "duration": 0,
      "root": true,
      "rootEmpty": true,
      "_timeout": 2000
    }
  ],
  "meta": {
    "mocha": {
      "version": "7.0.1"
    },
    "mochawesome": {
      "options": {
        "quiet": false,
        "reportFilename": "mochawesome",
        "saveHtml": false,
        "saveJson": true,
        "consoleReporter": "spec",
        "useInlineDiffs": false,
        "code": true
      },
      "version": "7.1.3"
    },
    "marge": {
      "options": {
        "overwrite": false,
        "html": false,
        "json": true,
        "reportDir": "cypress\\reports\\html\\.jsons"
      },
      "version": "6.2.0"
    }
  }
}